<?xml version="1.0" encoding="UTF-8"?>
<!-- Generated by org.testng.reporters.JUnitXMLReporter -->
<testsuite hostname="DESKTOP-BSA71TL" ignored="0" name="Test" tests="1" failures="1" timestamp="2019-12-21T14:00:56 IST" time="0.073" errors="0">
  <testcase name="goToUrl" time="0.017" classname="tests.LoginTest">
    <failure type="java.lang.NullPointerException">
      <![CDATA[java.lang.NullPointerException
at java.util.Hashtable.put(Unknown Source)
at java.util.Properties.setProperty(Unknown Source)
at java.lang.System.setProperty(Unknown Source)
at tests.LoginTest.goToUrl(LoginTest.java:30)
at java.util.ArrayList.forEach(Unknown Source)
... Removed 27 stack frames]]>
    </failure>
  </testcase> <!-- goToUrl -->
</testsuite> <!-- Test -->
