<?xml version="1.0" encoding="UTF-8"?>
<!-- Generated by org.testng.reporters.JUnitXMLReporter -->
<testsuite hostname="DESKTOP-BSA71TL" ignored="0" name="Test" tests="1" failures="1" timestamp="2019-12-30T19:40:42 IST" time="3.476" errors="0">
  <testcase name="goToUrl" time="3.428" classname="tests.LoginTest">
    <failure type="java.lang.NullPointerException">
      <![CDATA[java.lang.NullPointerException
at tests.LoginTest.goToUrl(LoginTest.java:38)
at java.util.ArrayList.forEach(Unknown Source)
... Removed 27 stack frames]]>
    </failure>
  </testcase> <!-- goToUrl -->
</testsuite> <!-- Test -->
